[2018-03-08 21:17:51.516] [jointLog] [info] parsing read library format
[2018-03-08 21:17:51.516] [jointLog] [info] There is 1 library.
[2018-03-08 21:17:51.594] [jointLog] [info] Loading Quasi index
[2018-03-08 21:17:51.595] [jointLog] [info] Loading 32-bit quasi index
[2018-03-08 21:18:00.142] [jointLog] [info] done
[2018-03-08 21:18:00.142] [jointLog] [info] Index contained 200401 targets
[2018-03-08 21:18:03.241] [jointLog] [info] Automatically detected most likely library type as IU
[2018-03-08 21:21:09.474] [fileLog] [info] 
At end of round 0
==================
Observed 21155707 total fragments (21155707 in most recent round)

[2018-03-08 21:21:09.473] [jointLog] [info] Computed 312700 rich equivalence classes for further processing
[2018-03-08 21:21:09.473] [jointLog] [info] Counted 19589943 total reads in the equivalence classes 
[2018-03-08 21:21:09.485] [jointLog] [info] Mapping rate = 92.5989%

[2018-03-08 21:21:09.485] [jointLog] [info] finished quantifyLibrary()
[2018-03-08 21:21:09.494] [jointLog] [info] Starting optimizer
[2018-03-08 21:21:09.754] [jointLog] [info] Marked 0 weighted equivalence classes as degenerate
[2018-03-08 21:21:09.807] [jointLog] [info] iteration = 0 | max rel diff. = 61.0146
[2018-03-08 21:21:10.204] [jointLog] [info] iteration 11, adjusting effective lengths to account for biases
[2018-03-08 21:22:57.998] [jointLog] [info] Computed expected counts (for bias correction)
[2018-03-08 21:22:57.998] [jointLog] [info] processed bias for 0.0% of the transcripts
[2018-03-08 21:23:10.992] [jointLog] [info] processed bias for 10.0% of the transcripts
[2018-03-08 21:23:23.141] [jointLog] [info] processed bias for 20.0% of the transcripts
[2018-03-08 21:23:32.511] [jointLog] [info] processed bias for 30.0% of the transcripts
[2018-03-08 21:23:44.144] [jointLog] [info] processed bias for 40.0% of the transcripts
[2018-03-08 21:23:55.453] [jointLog] [info] processed bias for 50.0% of the transcripts
[2018-03-08 21:24:05.780] [jointLog] [info] processed bias for 60.0% of the transcripts
[2018-03-08 21:24:17.553] [jointLog] [info] processed bias for 70.0% of the transcripts
[2018-03-08 21:24:18.444] [jointLog] [info] processed bias for 100.0% of the transcripts
[2018-03-08 21:24:22.055] [jointLog] [info] iteration = 100 | max rel diff. = 0.385448
[2018-03-08 21:24:25.637] [jointLog] [info] iteration = 200 | max rel diff. = 0.129168
[2018-03-08 21:24:28.814] [jointLog] [info] iteration = 300 | max rel diff. = 0.0791604
[2018-03-08 21:24:31.869] [jointLog] [info] iteration = 400 | max rel diff. = 0.0625855
[2018-03-08 21:24:35.166] [jointLog] [info] iteration = 500 | max rel diff. = 0.0225696
[2018-03-08 21:24:38.132] [jointLog] [info] iteration = 600 | max rel diff. = 0.0300612
[2018-03-08 21:24:41.256] [jointLog] [info] iteration = 700 | max rel diff. = 0.0192923
[2018-03-08 21:24:44.476] [jointLog] [info] iteration = 800 | max rel diff. = 0.0194019
[2018-03-08 21:24:47.837] [jointLog] [info] iteration = 900 | max rel diff. = 0.0143994
[2018-03-08 21:24:51.223] [jointLog] [info] iteration = 1000 | max rel diff. = 0.0192317
[2018-03-08 21:24:54.462] [jointLog] [info] iteration = 1100 | max rel diff. = 0.0214735
[2018-03-08 21:24:56.220] [jointLog] [info] iteration = 1153 | max rel diff. = 0.00999329
[2018-03-08 21:24:56.239] [jointLog] [info] Finished optimizer
[2018-03-08 21:24:56.239] [jointLog] [info] writing output 

