[2018-03-08 21:31:53.931] [jointLog] [info] parsing read library format
[2018-03-08 21:31:53.931] [jointLog] [info] There is 1 library.
[2018-03-08 21:31:54.016] [jointLog] [info] Loading Quasi index
[2018-03-08 21:31:54.017] [jointLog] [info] Loading 32-bit quasi index
[2018-03-08 21:32:02.898] [jointLog] [info] done
[2018-03-08 21:32:02.898] [jointLog] [info] Index contained 200401 targets
[2018-03-08 21:32:05.320] [jointLog] [info] Automatically detected most likely library type as IU
[2018-03-08 21:34:15.895] [jointLog] [info] Computed 337381 rich equivalence classes for further processing
[2018-03-08 21:34:15.895] [jointLog] [info] Counted 25474658 total reads in the equivalence classes 
[2018-03-08 21:34:15.914] [jointLog] [info] Mapping rate = 93.3173%

[2018-03-08 21:34:15.914] [jointLog] [info] finished quantifyLibrary()
[2018-03-08 21:34:15.932] [jointLog] [info] Starting optimizer
[2018-03-08 21:34:15.897] [fileLog] [info] 
At end of round 0
==================
Observed 27298970 total fragments (27298970 in most recent round)

[2018-03-08 21:34:16.249] [jointLog] [info] Marked 0 weighted equivalence classes as degenerate
[2018-03-08 21:34:16.296] [jointLog] [info] iteration = 0 | max rel diff. = 57.9564
[2018-03-08 21:34:16.651] [jointLog] [info] iteration 11, adjusting effective lengths to account for biases
[2018-03-08 21:35:58.495] [jointLog] [info] Computed expected counts (for bias correction)
[2018-03-08 21:35:58.495] [jointLog] [info] processed bias for 0.0% of the transcripts
[2018-03-08 21:36:09.495] [jointLog] [info] processed bias for 10.0% of the transcripts
[2018-03-08 21:36:19.508] [jointLog] [info] processed bias for 20.0% of the transcripts
[2018-03-08 21:36:29.717] [jointLog] [info] processed bias for 30.0% of the transcripts
[2018-03-08 21:36:39.751] [jointLog] [info] processed bias for 40.0% of the transcripts
[2018-03-08 21:36:50.556] [jointLog] [info] processed bias for 50.0% of the transcripts
[2018-03-08 21:37:01.668] [jointLog] [info] processed bias for 60.0% of the transcripts
[2018-03-08 21:37:12.445] [jointLog] [info] processed bias for 70.0% of the transcripts
[2018-03-08 21:37:14.948] [jointLog] [info] processed bias for 100.0% of the transcripts
[2018-03-08 21:37:18.702] [jointLog] [info] iteration = 100 | max rel diff. = 0.322451
[2018-03-08 21:37:22.537] [jointLog] [info] iteration = 200 | max rel diff. = 0.28014
[2018-03-08 21:37:25.876] [jointLog] [info] iteration = 300 | max rel diff. = 0.0791613
[2018-03-08 21:37:29.067] [jointLog] [info] iteration = 400 | max rel diff. = 0.0368436
[2018-03-08 21:37:32.584] [jointLog] [info] iteration = 500 | max rel diff. = 0.0312393
[2018-03-08 21:37:35.876] [jointLog] [info] iteration = 600 | max rel diff. = 0.0238068
[2018-03-08 21:37:39.353] [jointLog] [info] iteration = 700 | max rel diff. = 0.0309287
[2018-03-08 21:37:43.066] [jointLog] [info] iteration = 800 | max rel diff. = 0.0221913
[2018-03-08 21:37:46.726] [jointLog] [info] iteration = 900 | max rel diff. = 0.0191303
[2018-03-08 21:37:50.126] [jointLog] [info] iteration = 1000 | max rel diff. = 0.01288
[2018-03-08 21:37:53.525] [jointLog] [info] iteration = 1100 | max rel diff. = 0.0110624
[2018-03-08 21:37:56.162] [jointLog] [info] iteration = 1173 | max rel diff. = 0.00988364
[2018-03-08 21:37:56.171] [jointLog] [info] Finished optimizer
[2018-03-08 21:37:56.171] [jointLog] [info] writing output 

